<?xml version="1.0" encoding="UTF-8"?>
<!-- Generated by org.testng.reporters.JUnitReportReporter -->
<testsuite hostname="LAPTOP-DMCL3R6Q" failures="0" tests="3" name="groups_in_testNG.Groups_Concepts" time="0.008" errors="0" timestamp="2022-12-05T16:03:29 CST" skipped="0">
  <testcase classname="groups_in_testNG.Groups_Concepts" name="testCase3" time="0.001"/>
  <system-out/>
  <testcase classname="groups_in_testNG.Groups_Concepts" name="testCase2" time="0.006"/>
  <system-out/>
  <testcase classname="groups_in_testNG.Groups_Concepts" name="testCase6" time="0.001"/>
  <system-out/>
</testsuite> <!-- groups_in_testNG.Groups_Concepts -->
