<?xml version="1.0" encoding="UTF-8"?>
<!-- Generated by org.testng.reporters.JUnitReportReporter -->
<testsuite hostname="LAPTOP-DMCL3R6Q" failures="0" tests="3" name="testing_dataProvider.DataProvider_Introduction" time="0.007" errors="0" timestamp="2022-12-01T09:26:54 CST" skipped="0">
  <testcase classname="testing_dataProvider.DataProvider_Introduction" name="dataConcepts" time="0.001"/>
  <system-out/>
  <testcase classname="testing_dataProvider.DataProvider_Introduction" name="dataConcepts" time="0.001"/>
  <system-out/>
  <testcase classname="testing_dataProvider.DataProvider_Introduction" name="dataConcepts" time="0.005"/>
  <system-out/>
</testsuite> <!-- testing_dataProvider.DataProvider_Introduction -->
