<?xml version="1.0" encoding="UTF-8"?>
<!-- Generated by org.testng.reporters.JUnitReportReporter -->
<testsuite hostname="LAPTOP-DMCL3R6Q" failures="0" tests="3" name="parallel_exection_testCases.Parallel_Part2" time="16.339" errors="0" timestamp="2022-12-02T11:47:58 CST" skipped="0">
  <testcase classname="parallel_exection_testCases.Parallel_Part2" name="logic5" time="5.097"/>
  <system-out/>
  <testcase classname="parallel_exection_testCases.Parallel_Part2" name="logic4" time="4.700"/>
  <system-out/>
  <testcase classname="parallel_exection_testCases.Parallel_Part2" name="logic6" time="6.542"/>
  <system-out/>
</testsuite> <!-- parallel_exection_testCases.Parallel_Part2 -->
