<?xml version="1.0" encoding="UTF-8"?>
<!-- Generated by org.testng.reporters.JUnitReportReporter -->
<testsuite hostname="LAPTOP-DMCL3R6Q" failures="0" tests="3" name="parallel_exection_testCases.Parallel_Part1" time="23.205" errors="0" timestamp="2022-12-05T16:03:13 CST" skipped="0">
  <testcase classname="parallel_exection_testCases.Parallel_Part1" name="logic1" time="6.463"/>
  <system-out/>
  <testcase classname="parallel_exection_testCases.Parallel_Part1" name="logic2" time="8.421"/>
  <system-out/>
  <testcase classname="parallel_exection_testCases.Parallel_Part1" name="logic3" time="8.321"/>
  <system-out/>
</testsuite> <!-- parallel_exection_testCases.Parallel_Part1 -->
