<?xml version="1.0" encoding="UTF-8"?>
<!-- Generated by org.testng.reporters.JUnitReportReporter -->
<testsuite hostname="LAPTOP-DMCL3R6Q" failures="0" tests="9" name="multiple.TestCases_For_MyData" time="0.009" errors="0" timestamp="2022-12-01T14:41:34 CST" skipped="0">
  <testcase classname="multiple.TestCases_For_MyData" name="launchUrl" time="0.005"/>
  <system-out/>
  <testcase classname="multiple.TestCases_For_MyData" name="launchUrl" time="0.000"/>
  <system-out/>
  <testcase classname="multiple.TestCases_For_MyData" name="logIn" time="0.001"/>
  <system-out/>
  <testcase classname="multiple.TestCases_For_MyData" name="logOut" time="0.000"/>
  <system-out/>
  <testcase classname="multiple.TestCases_For_MyData" name="logIn" time="0.001"/>
  <system-out/>
  <testcase classname="multiple.TestCases_For_MyData" name="logIn" time="0.001"/>
  <system-out/>
  <testcase classname="multiple.TestCases_For_MyData" name="logOut" time="0.000"/>
  <system-out/>
  <testcase classname="multiple.TestCases_For_MyData" name="launchUrl" time="0.000"/>
  <system-out/>
  <testcase classname="multiple.TestCases_For_MyData" name="logOut" time="0.001"/>
  <system-out/>
</testsuite> <!-- multiple.TestCases_For_MyData -->
