<?xml version="1.0" encoding="UTF-8"?>
<!-- Generated by org.testng.reporters.JUnitReportReporter -->
<testsuite skipped="0" hostname="LAPTOP-DMCL3R6Q" name="parallel_exection_testCases.Parallel_Part1" tests="3" failures="0" timestamp="05 Dec 2022 23:27:09 GMT" time="20.190" errors="0">
  <testcase name="logic1" time="5.409" classname="parallel_exection_testCases.Parallel_Part1"/>
  <testcase name="logic3" time="7.481" classname="parallel_exection_testCases.Parallel_Part1"/>
  <testcase name="logic2" time="7.300" classname="parallel_exection_testCases.Parallel_Part1"/>
</testsuite> <!-- parallel_exection_testCases.Parallel_Part1 -->
